  ABCDBlock.cpp
d:\tempproject\privateblockchain_for_db\blockchain\abcdchain\abcdchain\abcdblock.cpp : warning C4819: 현재 코드 페이지(949)에서 표시할 수 없는 문자가 파일에 들어 있습니다. 데이터가 손실되지 않게 하려면 해당 파일을 유니코드 형식으로 저장하십시오.
d:\tempproject\privateblockchain_for_db\blockchain\abcdchain\abcdchain\abcdblock.hpp : warning C4819: 현재 코드 페이지(949)에서 표시할 수 없는 문자가 파일에 들어 있습니다. 데이터가 손실되지 않게 하려면 해당 파일을 유니코드 형식으로 저장하십시오.
d:\tempproject\privateblockchain_for_db\blockchain\abcdchain\abcdchain\transaction.hpp : warning C4819: 현재 코드 페이지(949)에서 표시할 수 없는 문자가 파일에 들어 있습니다. 데이터가 손실되지 않게 하려면 해당 파일을 유니코드 형식으로 저장하십시오.
d:\tempproject\privateblockchain_for_db\blockchain\abcdchain\abcdchain\abcdblock.cpp(54): warning C4018: '<': signed 또는 unsigned가 일치하지 않습니다.
  ABCDBlockChain.cpp
d:\tempproject\privateblockchain_for_db\blockchain\abcdchain\abcdchain\abcdblockchain.cpp : warning C4819: 현재 코드 페이지(949)에서 표시할 수 없는 문자가 파일에 들어 있습니다. 데이터가 손실되지 않게 하려면 해당 파일을 유니코드 형식으로 저장하십시오.
d:\tempproject\privateblockchain_for_db\blockchain\abcdchain\abcdchain\abcdblock.hpp : warning C4819: 현재 코드 페이지(949)에서 표시할 수 없는 문자가 파일에 들어 있습니다. 데이터가 손실되지 않게 하려면 해당 파일을 유니코드 형식으로 저장하십시오.
d:\tempproject\privateblockchain_for_db\blockchain\abcdchain\abcdchain\transaction.hpp : warning C4819: 현재 코드 페이지(949)에서 표시할 수 없는 문자가 파일에 들어 있습니다. 데이터가 손실되지 않게 하려면 해당 파일을 유니코드 형식으로 저장하십시오.
  Please define _WIN32_WINNT or _WIN32_WINDOWS appropriately. For example:
  - add -D_WIN32_WINNT=0x0501 to the compiler command line; or
  - add _WIN32_WINNT=0x0501 to your project's Preprocessor Definitions.
  Assuming _WIN32_WINNT=0x0501 (i.e. Windows XP target).
d:\tempproject\privateblockchain_for_db\blockchain\abcdchain\abcdchain\abcdblockchain.cpp(237): warning C4018: '<': signed 또는 unsigned가 일치하지 않습니다.
  jsoncpp.cpp
d:\tempproject\privateblockchain_for_db\blockchain\abcdchain\abcdchain\jsoncpp.cpp(270): warning C4005: '_CRT_SECURE_CPP_OVERLOAD_STANDARD_NAMES': 매크로 재정의
  c:\program files (x86)\windows kits\10\include\10.0.17134.0\ucrt\corecrt.h(425): note: '_CRT_SECURE_CPP_OVERLOAD_STANDARD_NAMES'의 이전 정의를 참조하십시오.
  sha256.cpp
  Transaction.cpp
d:\tempproject\privateblockchain_for_db\blockchain\abcdchain\abcdchain\transaction.cpp : warning C4819: 현재 코드 페이지(949)에서 표시할 수 없는 문자가 파일에 들어 있습니다. 데이터가 손실되지 않게 하려면 해당 파일을 유니코드 형식으로 저장하십시오.
d:\tempproject\privateblockchain_for_db\blockchain\abcdchain\abcdchain\transaction.hpp : warning C4819: 현재 코드 페이지(949)에서 표시할 수 없는 문자가 파일에 들어 있습니다. 데이터가 손실되지 않게 하려면 해당 파일을 유니코드 형식으로 저장하십시오.
  코드를 생성하고 있습니다...
  ABCDChain.vcxproj -> D:\TempProject\PrivateBlockchain_for_DB\BlockChain\ABCDChain\Debug\ABCDChain.exe
